0 info it worked if it ends with ok
1 verbose cli [ 'node',
1 verbose cli   'C:\\Users\\YosukeTorii\\AppData\\Roaming\\npm\\node_modules\\npm\\bin\\npm-cli.js',
1 verbose cli   'run',
1 verbose cli   'watch' ]
2 info using npm@2.1.10
3 info using node@v0.10.32
4 verbose run-script [ 'prewatch', 'watch', 'postwatch' ]
5 info prewatch react-sample@1.0.0
6 info watch react-sample@1.0.0
7 verbose unsafe-perm in lifecycle true
8 info react-sample@1.0.0 Failed to exec watch script
9 verbose stack Error: react-sample@1.0.0 watch: `gulp watch`
9 verbose stack Exit status 8
9 verbose stack     at EventEmitter.<anonymous> (C:\Users\YosukeTorii\AppData\Roaming\npm\node_modules\npm\lib\utils\lifecycle.js:212:16)
9 verbose stack     at EventEmitter.emit (events.js:98:17)
9 verbose stack     at ChildProcess.<anonymous> (C:\Users\YosukeTorii\AppData\Roaming\npm\node_modules\npm\lib\utils\spawn.js:14:12)
9 verbose stack     at ChildProcess.emit (events.js:98:17)
9 verbose stack     at maybeClose (child_process.js:756:16)
9 verbose stack     at Process.ChildProcess._handle.onexit (child_process.js:823:5)
10 verbose pkgid react-sample@1.0.0
11 verbose cwd C:\NodeJS\react-sample
12 error Windows_NT 6.1.7601
13 error argv "node" "C:\\Users\\YosukeTorii\\AppData\\Roaming\\npm\\node_modules\\npm\\bin\\npm-cli.js" "run" "watch"
14 error node v0.10.32
15 error npm  v2.1.10
16 error code ELIFECYCLE
17 error react-sample@1.0.0 watch: `gulp watch`
17 error Exit status 8
18 error Failed at the react-sample@1.0.0 watch script 'gulp watch'.
18 error This is most likely a problem with the react-sample package,
18 error not with npm itself.
18 error Tell the author that this fails on your system:
18 error     gulp watch
18 error You can get their info via:
18 error     npm owner ls react-sample
18 error There is likely additional logging output above.
19 verbose exit [ 1, true ]
